
  .   ____          _            __ _ _
 /\\ / ___'_ __ _ _(_)_ __  __ _ \ \ \ \
( ( )\___ | '_ | '_| | '_ \/ _` | \ \ \ \
 \\/  ___)| |_)| | | | | || (_| |  ) ) ) )
  '  |____| .__|_| |_|_| |_\__, | / / / /
 =========|_|==============|___/=/_/_/_/
 :: Spring Boot ::        (v2.1.7.RELEASE)

2026-04-03 15:45:45.323  INFO 28925 --- [           main] c.h.c.r.CrmRestApplication               : Starting CrmRestApplication v0.0.1-SNAPSHOT on Edwards-MacBook-Pro.local with PID 28925 (/Users/edburns/workareas/dd-2844946-demo-00/HouariZegai-FullStack-Angular-SpringBoot/crm-rest/target/crm-rest-0.0.1-SNAPSHOT.jar started by edburns in /Users/edburns/workareas/dd-2844946-demo-00/HouariZegai-FullStack-Angular-SpringBoot)
2026-04-03 15:45:45.324  INFO 28925 --- [           main] c.h.c.r.CrmRestApplication               : No active profile set, falling back to default profiles: default
2026-04-03 15:45:45.666  INFO 28925 --- [           main] .s.d.r.c.RepositoryConfigurationDelegate : Bootstrapping Spring Data repositories in DEFAULT mode.
2026-04-03 15:45:45.699  INFO 28925 --- [           main] .s.d.r.c.RepositoryConfigurationDelegate : Finished Spring Data repository scanning in 30ms. Found 1 repository interfaces.
2026-04-03 15:45:45.881  INFO 28925 --- [           main] trationDelegate$BeanPostProcessorChecker : Bean 'org.springframework.transaction.annotation.ProxyTransactionManagementConfiguration' of type [org.springframework.transaction.annotation.ProxyTransactionManagementConfiguration$$EnhancerBySpringCGLIB$$9c3c3499] is not eligible for getting processed by all BeanPostProcessors (for example: not eligible for auto-proxying)
2026-04-03 15:45:45.902  INFO 28925 --- [           main] trationDelegate$BeanPostProcessorChecker : Bean 'org.springframework.security.config.annotation.configuration.ObjectPostProcessorConfiguration' of type [org.springframework.security.config.annotation.configuration.ObjectPostProcessorConfiguration$$EnhancerBySpringCGLIB$$34e9fcd3] is not eligible for getting processed by all BeanPostProcessors (for example: not eligible for auto-proxying)
2026-04-03 15:45:45.905  INFO 28925 --- [           main] trationDelegate$BeanPostProcessorChecker : Bean 'objectPostProcessor' of type [org.springframework.security.config.annotation.configuration.AutowireBeanFactoryObjectPostProcessor] is not eligible for getting processed by all BeanPostProcessors (for example: not eligible for auto-proxying)
2026-04-03 15:45:45.906  INFO 28925 --- [           main] trationDelegate$BeanPostProcessorChecker : Bean 'org.springframework.security.access.expression.method.DefaultMethodSecurityExpressionHandler@7068e664' of type [org.springframework.security.access.expression.method.DefaultMethodSecurityExpressionHandler] is not eligible for getting processed by all BeanPostProcessors (for example: not eligible for auto-proxying)
2026-04-03 15:45:45.907  INFO 28925 --- [           main] trationDelegate$BeanPostProcessorChecker : Bean 'org.springframework.security.config.annotation.method.configuration.GlobalMethodSecurityConfiguration' of type [org.springframework.security.config.annotation.method.configuration.GlobalMethodSecurityConfiguration$$EnhancerBySpringCGLIB$$59be9f85] is not eligible for getting processed by all BeanPostProcessors (for example: not eligible for auto-proxying)
2026-04-03 15:45:45.909  INFO 28925 --- [           main] trationDelegate$BeanPostProcessorChecker : Bean 'methodSecurityMetadataSource' of type [org.springframework.security.access.method.DelegatingMethodSecurityMetadataSource] is not eligible for getting processed by all BeanPostProcessors (for example: not eligible for auto-proxying)
2026-04-03 15:45:46.050  INFO 28925 --- [           main] o.s.b.w.embedded.tomcat.TomcatWebServer  : Tomcat initialized with port(s): 8080 (http)
2026-04-03 15:45:46.064  INFO 28925 --- [           main] o.apache.catalina.core.StandardService   : Starting service [Tomcat]
2026-04-03 15:45:46.065  INFO 28925 --- [           main] org.apache.catalina.core.StandardEngine  : Starting Servlet engine: [Apache Tomcat/9.0.22]
2026-04-03 15:45:46.108  INFO 28925 --- [           main] o.a.c.c.C.[Tomcat].[localhost].[/]       : Initializing Spring embedded WebApplicationContext
2026-04-03 15:45:46.108  INFO 28925 --- [           main] o.s.web.context.ContextLoader            : Root WebApplicationContext: initialization completed in 764 ms
2026-04-03 15:45:46.349  INFO 28925 --- [           main] com.zaxxer.hikari.HikariDataSource       : HikariPool-1 - Starting...
2026-04-03 15:45:46.431  INFO 28925 --- [           main] com.zaxxer.hikari.HikariDataSource       : HikariPool-1 - Start completed.
2026-04-03 15:45:46.458  INFO 28925 --- [           main] o.hibernate.jpa.internal.util.LogHelper  : HHH000204: Processing PersistenceUnitInfo [
	name: default
	...]
2026-04-03 15:45:46.490  INFO 28925 --- [           main] org.hibernate.Version                    : HHH000412: Hibernate Core {5.3.10.Final}
2026-04-03 15:45:46.490  INFO 28925 --- [           main] org.hibernate.cfg.Environment            : HHH000206: hibernate.properties not found
2026-04-03 15:45:46.544  INFO 28925 --- [           main] o.hibernate.annotations.common.Version   : HCANN000001: Hibernate Commons Annotations {5.0.4.Final}
2026-04-03 15:45:46.627  INFO 28925 --- [           main] org.hibernate.dialect.Dialect            : HHH000400: Using dialect: org.hibernate.dialect.H2Dialect
Hibernate: drop table customer if exists
Hibernate: drop sequence if exists hibernate_sequence
Hibernate: create sequence hibernate_sequence start with 1 increment by 1
Hibernate: create table customer (id bigint not null, birth_date timestamp, email varchar(255), name varchar(255), primary key (id))
2026-04-03 15:45:46.866  INFO 28925 --- [           main] o.h.t.schema.internal.SchemaCreatorImpl  : HHH000476: Executing import script 'org.hibernate.tool.schema.internal.exec.ScriptSourceInputNonExistentImpl@705f83a7'
2026-04-03 15:45:46.867  INFO 28925 --- [           main] j.LocalContainerEntityManagerFactoryBean : Initialized JPA EntityManagerFactory for persistence unit 'default'
2026-04-03 15:45:47.102  INFO 28925 --- [           main] o.s.s.web.DefaultSecurityFilterChain     : Creating filter chain: Ant [pattern='/authenticate', POST], []
2026-04-03 15:45:47.102  INFO 28925 --- [           main] o.s.s.web.DefaultSecurityFilterChain     : Creating filter chain: Ant [pattern='/**', OPTIONS], []
2026-04-03 15:45:47.102  INFO 28925 --- [           main] o.s.s.web.DefaultSecurityFilterChain     : Creating filter chain: Ant [pattern='/', GET], []
2026-04-03 15:45:47.102  INFO 28925 --- [           main] o.s.s.web.DefaultSecurityFilterChain     : Creating filter chain: Ant [pattern='/h2-console/**/**'], []
2026-04-03 15:45:47.118  INFO 28925 --- [           main] o.s.s.web.DefaultSecurityFilterChain     : Creating filter chain: any request, [org.springframework.security.web.context.request.async.WebAsyncManagerIntegrationFilter@5ac6c4f2, org.springframework.security.web.context.SecurityContextPersistenceFilter@228cea97, org.springframework.security.web.header.HeaderWriterFilter@1dc76fa1, org.springframework.security.web.authentication.logout.LogoutFilter@149c3204, com.houarizegai.crm.restfulwebservices.jwt.JwtTokenAuthorizationOncePerRequestFilter@c5ee75e, org.springframework.security.web.savedrequest.RequestCacheAwareFilter@46731692, org.springframework.security.web.servletapi.SecurityContextHolderAwareRequestFilter@2de50ee4, org.springframework.security.web.authentication.AnonymousAuthenticationFilter@2aa6311a, org.springframework.security.web.session.SessionManagementFilter@62d73ead, org.springframework.security.web.access.ExceptionTranslationFilter@2459319c, org.springframework.security.web.access.intercept.FilterSecurityInterceptor@27a2a089]
2026-04-03 15:45:47.203  INFO 28925 --- [           main] o.s.s.concurrent.ThreadPoolTaskExecutor  : Initializing ExecutorService 'applicationTaskExecutor'
2026-04-03 15:45:47.229  WARN 28925 --- [           main] aWebConfiguration$JpaWebMvcConfiguration : spring.jpa.open-in-view is enabled by default. Therefore, database queries may be performed during view rendering. Explicitly configure spring.jpa.open-in-view to disable this warning
2026-04-03 15:45:47.337  INFO 28925 --- [           main] o.s.b.w.embedded.tomcat.TomcatWebServer  : Tomcat started on port(s): 8080 (http) with context path ''
2026-04-03 15:45:47.338  INFO 28925 --- [           main] c.h.c.r.CrmRestApplication               : Started CrmRestApplication in 2.192 seconds (JVM running for 2.372)
2026-04-03 15:45:48.131  INFO 28925 --- [nio-8080-exec-1] o.a.c.c.C.[Tomcat].[localhost].[/]       : Initializing Spring DispatcherServlet 'dispatcherServlet'
2026-04-03 15:45:48.131  INFO 28925 --- [nio-8080-exec-1] o.s.web.servlet.DispatcherServlet        : Initializing Servlet 'dispatcherServlet'
2026-04-03 15:45:48.135  INFO 28925 --- [nio-8080-exec-1] o.s.web.servlet.DispatcherServlet        : Completed initialization in 4 ms
2026-04-03 15:45:48.145  WARN 28925 --- [nio-8080-exec-1] wtTokenAuthorizationOncePerRequestFilter : JWT_TOKEN_DOES_NOT_START_WITH_BEARER_STRING
2026-04-03 15:46:02.908  WARN 28925 --- [nio-8080-exec-3] wtTokenAuthorizationOncePerRequestFilter : JWT_TOKEN_DOES_NOT_START_WITH_BEARER_STRING
2026-04-03 15:46:02.927  WARN 28925 --- [nio-8080-exec-4] wtTokenAuthorizationOncePerRequestFilter : JWT_TOKEN_DOES_NOT_START_WITH_BEARER_STRING
2026-04-03 15:46:09.017  WARN 28925 --- [nio-8080-exec-5] wtTokenAuthorizationOncePerRequestFilter : JWT_TOKEN_DOES_NOT_START_WITH_BEARER_STRING
2026-04-03 15:46:09.066  INFO 28925 --- [nio-8080-exec-6] o.h.h.i.QueryTranslatorFactoryInitiator  : HHH000397: Using ASTQueryTranslatorFactory
Hibernate: select customer0_.id as id1_0_, customer0_.birth_date as birth_da2_0_, customer0_.email as email3_0_, customer0_.name as name4_0_ from customer customer0_
